  Game.cpp
  GameState.cpp
  MainMenuState.cpp
  SettingsState.cpp
  Generating Code...
  rpg_lib.vcxproj -> C:\Users\cudin\Desktop\cmake_full\build\Debug\rpg_lib.lib

Project Performance Summary:
       24 ms  C:\Users\cudin\Desktop\cmake_full\build\ZERO_CHECK.vcxproj   4 calls
                  1 ms  GetTargetPath                              1 calls
                  0 ms  GetNativeManifest                          1 calls
                 21 ms  GetProjectInfoForReference                 1 calls
                  2 ms  GetCopyToOutputDirectoryItems              1 calls
     2762 ms  C:\Users\cudin\Desktop\cmake_full\build\rpg_lib.vcxproj   1 calls
               2762 ms  Build                                      1 calls

Target Performance Summary:
        0 ms  _ClCompile                                 1 calls
        0 ms  BuildCompile                               1 calls
        0 ms  _BuildCompileAction                        1 calls
        0 ms  AfterBuildCompileEvent                     1 calls
        0 ms  _Lib                                       1 calls
        0 ms  AfterLib                                   1 calls
        0 ms  PreLinkEvent                               1 calls
        0 ms  ComputeReferenceLibInputs                  1 calls
        0 ms  ResolvedLinkLib                            1 calls
        0 ms  ComputeCLGeneratedLibInputs                1 calls
        0 ms  ComputeRCGeneratedLibInputs                1 calls
        0 ms  ComputeRCOutputs                           1 calls
        0 ms  ComputeLibAdditionalOptions                1 calls
        0 ms  BeforeLib                                  1 calls
        0 ms  _ResourceCompile                           1 calls
        0 ms  AfterResourceCompile                       1 calls
        0 ms  MakeDirsForResourceCompile                 1 calls
        0 ms  BeforeResourceCompile                      1 calls
        0 ms  AfterClCompile                             1 calls
        0 ms  GetProjectInfoForReference                 1 calls
        0 ms  AddLibrariesToProjectsInfoForReference     1 calls
        0 ms  AddDeployRecipeFileToProjectsInfoForReference   1 calls
        0 ms  ComputeLegacyManifestEmbedding             1 calls
        0 ms  AddPublicBMIsToProjectsInfoForReference    1 calls
        0 ms  _Manifest                                  1 calls
        0 ms  ResolvedXDCMake                            1 calls
        0 ms  AfterBuild                                 1 calls
        0 ms  BuildLink                                  1 calls
        0 ms  _BuildLinkAction                           1 calls
        0 ms  PostBuildEvent                             1 calls
        0 ms  PrepareForRun                              1 calls
        0 ms  _CopySourceItemsToOutputDirectory          1 calls
        0 ms  _GetCopyToOutputDirectoryItemsFromThisProject   2 calls
        0 ms  _PopulateCommonStateForGetCopyToOutputDirectoryItems   2 calls
        0 ms  _Deploy                                    1 calls
        0 ms  _Appverifier                               1 calls
        0 ms  CreateSatelliteAssemblies                  1 calls
        0 ms  _GenerateSatelliteAssemblyInputs           1 calls
        0 ms  MakeDirsForFxc                             1 calls
        0 ms  SatelliteDllsProjectOutputGroup            1 calls
        0 ms  PrepareResourceNames                       1 calls
        0 ms  CreateCustomManifestResourceNames          1 calls
        0 ms  BuiltProjectOutputGroup                    1 calls
        0 ms  _BscMake                                   1 calls
        0 ms  MakeDirsForBscMake                         1 calls
        0 ms  _XdcMake                                   1 calls
        0 ms  MakeDirsForXdcMake                         1 calls
        0 ms  RegisterOutput                             1 calls
        0 ms  GetPublicIncludeDirectories                1 calls
        0 ms  Build                                      1 calls
        0 ms  BeforeBuildGenerateSources                 1 calls
        0 ms  PreBuildEvent                              1 calls
        0 ms  _SelectedFiles                             1 calls
        0 ms  _PrepareForReferenceResolution             2 calls
        0 ms  SelectCustomBuild                          1 calls
        0 ms  AfterResolveReferences                     2 calls
        0 ms  ExpandSDKReferences                        2 calls
        0 ms  ComputeCustomBuildOutput                   1 calls
        0 ms  ResolveSDKReferences                       2 calls
        0 ms  BeforeResolveReferences                    2 calls
        0 ms  CopyFileToFolders                          1 calls
        0 ms  SetCABuildNativeEnvironmentVariables       2 calls
        0 ms  _Xsd                                       1 calls
        0 ms  ComputeMIDLGeneratedCompileInputs          2 calls
        0 ms  AfterMidl                                  1 calls
        0 ms  AfterBuildGenerateSources                  1 calls
        0 ms  _Midl                                      1 calls
        0 ms  GetTargetPathWithTargetPlatformMoniker     1 calls
        0 ms  PrepareProjectReferences                   2 calls
        0 ms  _RemoveNameMetadataFromProjectReferenceItems   1 calls
        0 ms  FindReferenceAssembliesForReferences       2 calls
        0 ms  GetResolvedWinMD                           2 calls
        0 ms  BeforeClCompile                            1 calls
        0 ms  BuildCompileTraverse                       1 calls
        0 ms  AfterBuildGenerateSourcesEvent             1 calls
        0 ms  BuildGenerateSourcesTraverse               1 calls
        0 ms  SetTelemetryEnvironmentVariables           1 calls
        0 ms  BuildGenerateSources                       1 calls
        0 ms  GetNativeManifest                          1 calls
        0 ms  _BuildGenerateSourcesAction                1 calls
        1 ms  SelectClCompile                            1 calls
        1 ms  ResolveReferences                          2 calls
        1 ms  GetTargetPath                              1 calls
        1 ms  GetResolvedLinkLibs                        1 calls
        1 ms  AssignTargetPaths                          2 calls
        1 ms  _ALink                                     1 calls
        1 ms  ComputeCLCompileGeneratedXDCFiles          1 calls
        1 ms  ContentFilesProjectOutputGroup             1 calls
        1 ms  IncrementalClean                           1 calls
        1 ms  ResolveAssemblyReferences                  2 calls
        1 ms  ComputeCLInputPDBName                      2 calls
        1 ms  _SplitProjectReferencesByFileExistence     2 calls
        1 ms  MakeDirsForMidl                            1 calls
        1 ms  DoLibOutputFilesMatch                      1 calls
        1 ms  SplitResourcesByCulture                    1 calls
        1 ms  CreateRecipeFile                           1 calls
        1 ms  _CheckForCompileOutputs                    1 calls
        1 ms  GetCopyToOutputDirectoryXamlAppDefs        2 calls
        1 ms  ComputeLibInputsFromProject                1 calls
        1 ms  BuildLinkTraverse                          1 calls
        1 ms  GetFrameworkPaths                          2 calls
        1 ms  AddPublicIncludeDirectoriesToProjectsInfoForReference   1 calls
        1 ms  _PrepareForBuild                           1 calls
        1 ms  ComputeCLCompileGeneratedSbrFiles          1 calls
        1 ms  MakeDirsForLib                             1 calls
        1 ms  GetReferenceAssemblyPaths                  2 calls
        1 ms  ComputeReferenceCLInput                    2 calls
        1 ms  MakeDirsForCl                              1 calls
        2 ms  SetBuildDefaultEnvironmentVariables        2 calls
        2 ms  AssignProjectConfiguration                 2 calls
        2 ms  _CheckWindowsSDKInstalled                  2 calls
        2 ms  _CleanGetCurrentAndPriorFileWrites         1 calls
        2 ms  FinalizeBuildStatus                        1 calls
        2 ms  _GetProjectReferenceTargetFrameworkProperties   2 calls
        3 ms  InitializeBuildStatus                      1 calls
        4 ms  ComputeCLOutputs                           1 calls
        4 ms  CopyFilesToOutputDirectory                 1 calls
        5 ms  _CheckForInvalidConfigurationAndPlatform   2 calls
        7 ms  FixupCLCompileOptions                      1 calls
        7 ms  CustomBuild                                1 calls
        7 ms  _GetCopyToOutputDirectoryItemsFromTransitiveProjectReferences   2 calls
        9 ms  PrepareForBuild                            2 calls
       10 ms  GetCopyToOutputDirectoryItems              2 calls
       10 ms  WarnCompileDuplicatedFilename              2 calls
       26 ms  GetReferencedVCProjectsInfo                2 calls
       45 ms  ResolveProjectReferences                   2 calls
      310 ms  Lib                                        1 calls
     2293 ms  ClCompile                                  1 calls

Task Performance Summary:
        0 ms  AssignProjectConfiguration                 2 calls
        0 ms  ResolveNonMSBuildProjectOutput             1 calls
        0 ms  CheckVCToolsetVersion                      2 calls
        0 ms  WriteLinesToFile                           1 calls
        0 ms  ConvertToAbsolutePath                      1 calls
        0 ms  RemoveDuplicates                           2 calls
        0 ms  CreateItem                                 2 calls
        1 ms  FindUnderPath                              5 calls
        1 ms  AssignCulture                              1 calls
        1 ms  GenerateDesktopDeployRecipe                1 calls
        1 ms  ReadLinesFromFile                          2 calls
        1 ms  Delete                                     2 calls
        2 ms  SetEnv                                    13 calls
        2 ms  AssignTargetPath                          14 calls
        2 ms  Touch                                      2 calls
        2 ms  MakeDir                                   12 calls
        3 ms  Message                                    5 calls
        3 ms  Copy                                       1 calls
        7 ms  GetOutOfDateItems                          3 calls
        8 ms  CallTarget                                 4 calls
       77 ms  MSBuild                                    5 calls
      308 ms  LIB                                        1 calls
     2286 ms  CL                                         2 calls
