  Checking Build System

Project Performance Summary:
      493 ms  C:\Users\cudin\Desktop\cmake_full\build\ZERO_CHECK.vcxproj   1 calls
                493 ms  Build                                      1 calls

Target Performance Summary:
        0 ms  _Xsd                                       1 calls
        0 ms  _SelectedFiles                             1 calls
        0 ms  SelectCustomBuild                          1 calls
        0 ms  CopyFileToFolders                          1 calls
        0 ms  ComputeMIDLGeneratedCompileInputs          1 calls
        0 ms  AfterMidl                                  1 calls
        0 ms  _Midl                                      1 calls
        0 ms  AfterBuildGenerateSources                  1 calls
        0 ms  AfterBuildGenerateSourcesEvent             1 calls
        0 ms  _BuildGenerateSourcesAction                1 calls
        0 ms  PreBuildEvent                              1 calls
        0 ms  BuildGenerateSources                       1 calls
        0 ms  BuildCompile                               1 calls
        0 ms  BuildLinkTraverse                          1 calls
        0 ms  CreateCustomManifestResourceNames          1 calls
        0 ms  PrepareResourceNames                       1 calls
        0 ms  GetReferencedVCProjectsInfo                1 calls
        0 ms  PostBuildEvent                             1 calls
        0 ms  _BuildLinkAction                           1 calls
        0 ms  BuildLink                                  1 calls
        0 ms  AfterBuild                                 1 calls
        0 ms  _BuildCompileAction                        1 calls
        0 ms  BeforeBuildGenerateSources                 1 calls
        0 ms  Build                                      1 calls
        0 ms  PrepareProjectReferences                   1 calls
        0 ms  BuildGenerateSourcesTraverse               1 calls
        0 ms  GetFrameworkPaths                          1 calls
        0 ms  _PrepareForReferenceResolution             1 calls
        0 ms  GetResolvedWinMD                           1 calls
        0 ms  SetCABuildNativeEnvironmentVariables       1 calls
        0 ms  ResolveSDKReferences                       1 calls
        0 ms  GetReferenceAssemblyPaths                  1 calls
        0 ms  ResolveReferences                          1 calls
        0 ms  AfterResolveReferences                     1 calls
        0 ms  ResolveAssemblyReferences                  1 calls
        0 ms  BeforeResolveReferences                    1 calls
        0 ms  ExpandSDKReferences                        1 calls
        1 ms  SetBuildDefaultEnvironmentVariables        1 calls
        1 ms  BuildCompileTraverse                       1 calls
        1 ms  _GetProjectReferenceTargetFrameworkProperties   1 calls
        1 ms  SatelliteDllsProjectOutputGroup            1 calls
        1 ms  _CheckForCompileOutputs                    1 calls
        1 ms  MakeDirsForFxc                             1 calls
        1 ms  MakeDirsForMidl                            1 calls
        1 ms  _CheckWindowsSDKInstalled                  1 calls
        1 ms  BuiltProjectOutputGroup                    1 calls
        1 ms  _SplitProjectReferencesByFileExistence     1 calls
        1 ms  ContentFilesProjectOutputGroup             1 calls
        2 ms  _PrepareForBuild                           1 calls
        2 ms  FinalizeBuildStatus                        1 calls
        3 ms  AssignTargetPaths                          1 calls
        3 ms  SplitResourcesByCulture                    1 calls
        3 ms  IncrementalClean                           1 calls
        4 ms  AssignProjectConfiguration                 1 calls
        6 ms  ComputeCustomBuildOutput                   1 calls
       10 ms  InitializeBuildStatus                      1 calls
       12 ms  SetTelemetryEnvironmentVariables           1 calls
       19 ms  _CleanGetCurrentAndPriorFileWrites         1 calls
       20 ms  PrepareForBuild                            1 calls
       34 ms  _CheckForInvalidConfigurationAndPlatform   1 calls
       43 ms  ResolveProjectReferences                   1 calls
       43 ms  CreateRecipeFile                           1 calls
      272 ms  CustomBuild                                1 calls

Task Performance Summary:
        1 ms  MSBuild                                    1 calls
        1 ms  CreateItem                                 2 calls
        2 ms  ConvertToAbsolutePath                      1 calls
        2 ms  AssignTargetPath                           4 calls
        2 ms  Delete                                     2 calls
        2 ms  WriteLinesToFile                           1 calls
        2 ms  AssignCulture                              1 calls
        2 ms  ReadLinesFromFile                          2 calls
        2 ms  RemoveDuplicates                           2 calls
        3 ms  AssignProjectConfiguration                 1 calls
        3 ms  SetEnv                                     8 calls
        3 ms  CheckVCToolsetVersion                      1 calls
        4 ms  Message                                    2 calls
        7 ms  MakeDir                                    5 calls
        7 ms  Touch                                      2 calls
       15 ms  FindUnderPath                              5 calls
       42 ms  GenerateDesktopDeployRecipe                1 calls
       56 ms  GetOutOfDateItems                          3 calls
      214 ms  CustomBuild                                1 calls
